#
# There is insufficient memory for the Java Runtime Environment to continue.
# Native memory allocation (mmap) failed to map 67108864 bytes for Failed to commit area from 0x00000000c1600000 to 0x00000000c5600000 of length 67108864.
# Possible reasons:
#   The system is out of physical RAM or swap space
#   The process is running with CompressedOops enabled, and the Java Heap may be blocking the growth of the native heap
# Possible solutions:
#   Reduce memory load on the system
#   Increase physical memory or swap space
#   Check if swap backing store is full
#   Decrease Java heap size (-Xmx/-Xms)
#   Decrease number of Java threads
#   Decrease Java thread stack sizes (-Xss)
#   Set larger code cache with -XX:ReservedCodeCacheSize=
#   JVM is running with Unscaled Compressed Oops mode in which the Java heap is
#     placed in the first 4GB address space. The Java Heap base address is the
#     maximum limit for the native heap growth. Please use -XX:HeapBaseMinAddress
#     to set the Java Heap base and to place the Java Heap above 4GB virtual address.
# This output file may be truncated or incomplete.
#
#  Out of Memory Error (./open/src/hotspot/os/windows/os_windows.cpp:3315), pid=18936, tid=17836
#
# JRE version:  (14.0.1+7) (build )
# Java VM: Java HotSpot(TM) 64-Bit Server VM (14.0.1+7, mixed mode, sharing, tiered, compressed oops, g1 gc, windows-amd64)
# No core dump will be written. Minidumps are not enabled by default on client versions of Windows
#

---------------  S U M M A R Y ------------

Command Line: -Dfile.encoding=Cp1252 PCMain

Host: Intel(R) Core(TM) i3-4005U CPU @ 1.70GHz, 4 cores, 3G,  Windows 10 , 64 bit Build 18362 (10.0.18362.778)
Time: Wed Jul 22 11:47:35 2020 South Africa Standard Time elapsed time: 0 seconds (0d 0h 0m 0s)

---------------  T H R E A D  ---------------

Current thread (0x0000019bbca3c000):  JavaThread "Unknown thread" [_thread_in_vm, id=17836, stack(0x0000001476100000,0x0000001476200000)]

Stack: [0x0000001476100000,0x0000001476200000]
Native frames: (J=compiled Java code, j=interpreted, Vv=VM code, C=native code)
V  [jvm.dll+0x5f840a]
V  [jvm.dll+0x741e4a]
V  [jvm.dll+0x7435ff]
V  [jvm.dll+0x743c43]
V  [jvm.dll+0x20d288]
V  [jvm.dll+0x5f57ba]
V  [jvm.dll+0x5ea615]
V  [jvm.dll+0x2c7e9c]
V  [jvm.dll+0x2c7cd2]
V  [jvm.dll+0x2cdbbc]
V  [jvm.dll+0x313ff8]
V  [jvm.dll+0x313720]
V  [jvm.dll+0x2a092a]
V  [jvm.dll+0x2a1a79]
V  [jvm.dll+0x71f718]
V  [jvm.dll+0x321c44]
V  [jvm.dll+0x700b0c]
V  [jvm.dll+0x392dff]
V  [jvm.dll+0x394e71]
C  [jli.dll+0x523b]
C  [ucrtbase.dll+0x20e72]
C  [KERNEL32.DLL+0x17bd4]
C  [ntdll.dll+0x6ce51]


---------------  P R O C E S S  ---------------

Threads class SMR info:
_java_thread_list=0x00007ffc119c3078, length=0, elements={
}

Java Threads: ( => current thread )

Other Threads:
  0x0000019bbca6d000 GCTaskThread "GC Thread#0" [stack: 0x0000001476200000,0x0000001476300000] [id=17832]
  0x0000019bbca76800 ConcurrentGCThread "G1 Main Marker" [stack: 0x0000001476300000,0x0000001476400000] [id=19236]
  0x0000019bbca78000 ConcurrentGCThread "G1 Conc#0" [stack: 0x0000001476400000,0x0000001476500000] [id=14036]

[error occurred during error reporting (printing all threads), id 0xc0000005, EXCEPTION_ACCESS_VIOLATION (0xc0000005) at pc=0x00007ffc111f1257]

VM state:not at safepoint (not fully initialized)

VM Mutex/Monitor currently owned by a thread:  ([mutex/lock_event])
[0x0000019bbca37f80] Heap_lock - owner thread: 0x0000019bbca3c000

Heap address: 0x00000000c1600000, size: 1002 MB, Compressed Oops mode: 32-bit
Narrow klass base: 0x0000000000000000, Narrow klass shift: 0

GC Heap History (0 events):
No events

Deoptimization events (0 events):
No events

Classes unloaded (0 events):
No events

Classes redefined (0 events):
No events

Internal exceptions (0 events):
No events

Events (2 events):
Event: 0.013 Loaded shared library C:\Program Files\Java\jdk-14.0.1\bin\java.dll
Event: 0.014 Loaded shared library C:\Program Files\Java\jdk-14.0.1\bin\zip.dll


Dynamic libraries:
0x00007ff6041c0000 - 0x00007ff6041cf000 	C:\Program Files\Java\jdk-14.0.1\bin\javaw.exe
0x00007ffc470c0000 - 0x00007ffc472b0000 	C:\WINDOWS\SYSTEM32\ntdll.dll
0x00007ffc46360000 - 0x00007ffc46412000 	C:\WINDOWS\System32\KERNEL32.DLL
0x00007ffc44ea0000 - 0x00007ffc45143000 	C:\WINDOWS\System32\KERNELBASE.dll
0x00007ffc441d0000 - 0x00007ffc442ca000 	C:\WINDOWS\System32\ucrtbase.dll
0x00007ffc33770000 - 0x00007ffc33788000 	C:\Program Files\Java\jdk-14.0.1\bin\jli.dll
0x00007ffc46e10000 - 0x00007ffc46eb3000 	C:\WINDOWS\System32\ADVAPI32.dll
0x00007ffc45b20000 - 0x00007ffc45bbe000 	C:\WINDOWS\System32\msvcrt.dll
0x00007ffc462c0000 - 0x00007ffc46357000 	C:\WINDOWS\System32\sechost.dll
0x00007ffc45c40000 - 0x00007ffc45d60000 	C:\WINDOWS\System32\RPCRT4.dll
0x00007ffc45490000 - 0x00007ffc45624000 	C:\WINDOWS\System32\USER32.dll
0x00007ffc44a50000 - 0x00007ffc44a71000 	C:\WINDOWS\System32\win32u.dll
0x00007ffc451a0000 - 0x00007ffc451c6000 	C:\WINDOWS\System32\GDI32.dll
0x00007ffc44bb0000 - 0x00007ffc44d44000 	C:\WINDOWS\System32\gdi32full.dll
0x00007ffc44050000 - 0x00007ffc440ee000 	C:\WINDOWS\System32\msvcp_win.dll
0x00007ffc34d00000 - 0x00007ffc34d15000 	C:\Program Files\Java\jdk-14.0.1\bin\VCRUNTIME140.dll
0x00007ffc34a20000 - 0x00007ffc34ca5000 	C:\WINDOWS\WinSxS\amd64_microsoft.windows.common-controls_6595b64144ccf1df_6.0.18362.778_none_e6c6b761130d4fb8\COMCTL32.dll
0x00007ffc45d60000 - 0x00007ffc46096000 	C:\WINDOWS\System32\combase.dll
0x00007ffc44b30000 - 0x00007ffc44bb0000 	C:\WINDOWS\System32\bcryptPrimitives.dll
0x00007ffc359d0000 - 0x00007ffc359da000 	C:\WINDOWS\SYSTEM32\VERSION.dll
0x00007ffc45170000 - 0x00007ffc4519e000 	C:\WINDOWS\System32\IMM32.DLL
0x00007ffc123b0000 - 0x00007ffc1244b000 	C:\Program Files\Java\jdk-14.0.1\bin\msvcp140.dll
0x00007ffc10f40000 - 0x00007ffc11a5e000 	C:\Program Files\Java\jdk-14.0.1\bin\server\jvm.dll
0x00007ffc46f40000 - 0x00007ffc46f48000 	C:\WINDOWS\System32\PSAPI.DLL
0x00007ffc27620000 - 0x00007ffc27629000 	C:\WINDOWS\SYSTEM32\WSOCK32.dll
0x00007ffc45bd0000 - 0x00007ffc45c3f000 	C:\WINDOWS\System32\WS2_32.dll
0x00007ffc41990000 - 0x00007ffc419b4000 	C:\WINDOWS\SYSTEM32\WINMM.dll
0x00007ffc41960000 - 0x00007ffc4198d000 	C:\WINDOWS\SYSTEM32\WINMMBASE.dll
0x00007ffc44a80000 - 0x00007ffc44aca000 	C:\WINDOWS\System32\cfgmgr32.dll
0x00007ffc43fc0000 - 0x00007ffc43fd1000 	C:\WINDOWS\System32\kernel.appcore.dll
0x00007ffc25fc0000 - 0x00007ffc25fca000 	C:\Program Files\Java\jdk-14.0.1\bin\jimage.dll
0x00007ffc2cfe0000 - 0x00007ffc2d1d4000 	C:\WINDOWS\SYSTEM32\DBGHELP.DLL
0x00007ffc2cf50000 - 0x00007ffc2cf7a000 	C:\WINDOWS\SYSTEM32\dbgcore.DLL
0x00007ffc10f10000 - 0x00007ffc10f35000 	C:\Program Files\Java\jdk-14.0.1\bin\java.dll
0x00007ffc10ef0000 - 0x00007ffc10f06000 	C:\Program Files\Java\jdk-14.0.1\bin\zip.dll

dbghelp: loaded successfully - version: 4.0.5 - missing functions: none
symbol engine: initialized successfully - sym options: 0x614 - pdb path: .;C:\Program Files\Java\jdk-14.0.1\bin;C:\WINDOWS\SYSTEM32;C:\WINDOWS\WinSxS\amd64_microsoft.windows.common-controls_6595b64144ccf1df_6.0.18362.778_none_e6c6b761130d4fb8;C:\Program Files\Java\jdk-14.0.1\bin\server

VM Arguments:
jvm_args: -Dfile.encoding=Cp1252 
java_command: PCMain
java_class_path (initial): C:\Users\Thulani\Documents\Honours work\Distributed & parallel\Prac 2\Prac 2\bin;C:\Users\Thulani\Documents\Honours work\Distributed & parallel\Prac 2\Prac 2\lib\jcsp.jar;C:\Users\Thulani\Documents\Honours work\Distributed & parallel\Prac 2\Prac 2\lib\jcsp-1.1-rc4.jar;C:\Users\Thulani\Documents\Honours work\Distributed & parallel\Prac 2\Prac 2\lib\jcsp-core.jar;C:\Users\Thulani\Documents\Honours work\Distributed & parallel\Prac 2\Prac 2\lib\jcsp-demos-util.jar
Launcher Type: SUN_STANDARD

[Global flags]
     intx CICompilerCount                          = 3                                         {product} {ergonomic}
     uint ConcGCThreads                            = 1                                         {product} {ergonomic}
     uint G1ConcRefinementThreads                  = 4                                         {product} {ergonomic}
   size_t G1HeapRegionSize                         = 1048576                                   {product} {ergonomic}
    uintx GCDrainStackTargetSize                   = 64                                        {product} {ergonomic}
   size_t InitialHeapSize                          = 67108864                                  {product} {ergonomic}
   size_t MarkStackSize                            = 4194304                                   {product} {ergonomic}
   size_t MaxHeapSize                              = 1050673152                                {product} {ergonomic}
   size_t MinHeapDeltaBytes                        = 1048576                                   {product} {ergonomic}
   size_t MinHeapSize                              = 8388608                                   {product} {ergonomic}
    uintx NonNMethodCodeHeapSize                   = 5832780                                {pd product} {ergonomic}
    uintx NonProfiledCodeHeapSize                  = 122912730                              {pd product} {ergonomic}
    uintx ProfiledCodeHeapSize                     = 122912730                              {pd product} {ergonomic}
    uintx ReservedCodeCacheSize                    = 251658240                              {pd product} {ergonomic}
     bool SegmentedCodeCache                       = true                                      {product} {ergonomic}
   size_t SoftMaxHeapSize                          = 1050673152                             {manageable} {ergonomic}
     bool UseCompressedClassPointers               = true                                 {lp64_product} {ergonomic}
     bool UseCompressedOops                        = true                                 {lp64_product} {ergonomic}
     bool UseG1GC                                  = true                                      {product} {ergonomic}
     bool UseLargePagesIndividualAllocation        = false                                  {pd product} {ergonomic}

Logging:
Log output configuration:
 #0: stdout all=warning uptime,level,tags
 #1: stderr all=off uptime,level,tags

Environment Variables:
PATH=C:/Program Files/Java/jdk-14.0.1/bin/server;C:/Program Files/Java/jdk-14.0.1/bin;C:\Perl64\site\bin;C:\Perl64\bin;C:\Program Files\Dell\DW WLAN Card;c:\Program Files (x86)\Intel\iCLS Client\;c:\Program Files\Intel\iCLS Client\;C:\WINDOWS\system32;C:\WINDOWS;C:\WINDOWS\System32\Wbem;C:\WINDOWS\System32\WindowsPowerShell\v1.0\;C:\Program Files\WIDCOMM\Bluetooth Software\;C:\Program Files\WIDCOMM\Bluetooth Software\syswow64;C:\Program Files\Novell\iPrint;C:\Program Files (x86)\Windows Kits\10\Windows Performance Toolkit\;C:\Program Files (x86)\Intel\Intel(R) Management Engine Components\DAL;C:\Program Files\Intel\Intel(R) Management Engine Components\DAL;C:\Program Files (x86)\Intel\Intel(R) Management Engine Components\IPT;C:\Program Files\Intel\Intel(R) Management Engine Components\IPT;C:\Program Files\Microsoft SQL Server\130\Tools\Binn\;C:\Program Files (x86)\Microsoft SQL Server\110\DTS\Binn\;C:\Program Files (x86)\Microsoft SQL Server\120\DTS\Binn\;C:\Program Files (x86)\Skype\Phone\;C:\WINDOWS\System32\OpenSSH\;C:\Program Files\PuTTY\;C:\Program Files (x86)\Microsoft SQL Server\130\DTS\Binn\;C:\Program Files\dotnet\;C:\Program Files\Git\cmd;C:\Program Files\MySQL\MySQL Shell 8.0\bin\;C:\Users\Thulani\AppData\Local\Programs\Python\Python38-32\Scripts\;C:\Users\Thulani\AppData\Local\Programs\Python\Python38-32\;C:\Users\Thulani\AppData\Local\Microsoft\WindowsApps;C:\Users\Thulani\AppData\Local\Programs\Microsoft VS Code\bin;C:\Program Files\Java\jdk-14.0.1\bin;;C:\Users\Thulani\eclipse\java-2020-06\eclipse;
USERNAME=Thulani
OS=Windows_NT
PROCESSOR_IDENTIFIER=Intel64 Family 6 Model 69 Stepping 1, GenuineIntel



---------------  S Y S T E M  ---------------

OS: Windows 10 , 64 bit Build 18362 (10.0.18362.778)
OS uptime: 0 days 2:05 hours

CPU:total 4 (initial active 4) (2 cores per cpu, 2 threads per core) family 6 model 69 stepping 1, cmov, cx8, fxsr, mmx, sse, sse2, sse3, ssse3, sse4.1, sse4.2, popcnt, avx, avx2, aes, clmul, erms, lzcnt, ht, tsc, tscinvbit, bmi1, bmi2, fma

Memory: 4k page, system-wide physical 4000M (395M free)
TotalPageFile size 16283M (AvailPageFile size 59M)
current process WorkingSet (physical memory assigned to process): 10M, peak: 10M
current process commit charge ("private bytes"): 51M, peak: 115M

vm_info: Java HotSpot(TM) 64-Bit Server VM (14.0.1+7) for windows-amd64 JRE (14.0.1+7), built on Mar  5 2020 10:30:14 by "mach5one" with MS VC++ 15.9 (VS2017)

END.
